<?xml version="1.0" encoding="UTF-8"?>
<!-- Generated by org.testng.reporters.JUnitReportReporter -->
<testsuite hostname="SourabhTechenvo" failures="0" tests="1" name="utils.LoginTest" time="6.195" errors="0" timestamp="2025-09-12T21:00:02 IST" skipped="0">
  <testcase classname="utils.LoginTest" name="testLoginWithScreenshots" time="6.195"/>
</testsuite> <!-- utils.LoginTest -->
