<?xml version="1.0" encoding="UTF-8"?>
<!-- Generated by org.testng.reporters.JUnitReportReporter -->
<testsuite hostname="SourabhTechenvo" failures="0" tests="1" name="GoogleTest" time="1.768" errors="0" timestamp="2025-09-12T11:36:10 IST" skipped="0">
  <testcase classname="GoogleTest" name="openGoogle" time="1.768"/>
</testsuite> <!-- GoogleTest -->
