<?xml version="1.0" encoding="UTF-8"?>
<!-- Generated by org.testng.reporters.JUnitReportReporter -->
<testsuite hostname="SourabhTechenvo" failures="0" tests="2" name="utils.GoogleSearchTest" time="23.882" errors="0" timestamp="2025-09-12T12:13:23 IST" skipped="0">
  <testcase classname="utils.GoogleSearchTest" name="testOpenGoogle" time="6.525"/>
  <testcase classname="utils.GoogleSearchTest" name="testGoogleSearch" time="17.357"/>
</testsuite> <!-- utils.GoogleSearchTest -->
