<?xml version="1.0" encoding="UTF-8"?>
<!-- Generated by org.testng.reporters.JUnitReportReporter -->
<testsuite hostname="SourabhTechenvo" failures="0" tests="1" name="utils.FacebookLoginTest" time="3.046" errors="0" timestamp="2025-09-15T14:37:39 IST" skipped="0">
  <testcase classname="utils.FacebookLoginTest" name="testFacebookLoginPage" time="3.046"/>
</testsuite> <!-- utils.FacebookLoginTest -->
