<?xml version="1.0" encoding="UTF-8"?>
<!-- Generated by org.testng.reporters.JUnitReportReporter -->
<testsuite hostname="SourabhTechenvo" failures="0" tests="2" name="utils.GoogleSearchTest" time="13.563" errors="0" timestamp="2025-09-12T12:16:05 IST" skipped="0">
  <testcase classname="utils.GoogleSearchTest" name="testOpenGoogle" time="5.796"/>
  <testcase classname="utils.GoogleSearchTest" name="testGoogleSearch" time="7.767"/>
</testsuite> <!-- utils.GoogleSearchTest -->
