<?xml version="1.0" encoding="UTF-8"?>
<!-- Generated by org.testng.reporters.JUnitReportReporter -->
<testsuite hostname="SourabhTechenvo" failures="0" tests="1" name="utils.GoogleSearchTest" time="11.921" errors="0" timestamp="2025-09-15T16:25:19 IST" skipped="0">
  <testcase classname="utils.GoogleSearchTest" name="testOpenGoogle" time="11.921"/>
</testsuite> <!-- utils.GoogleSearchTest -->
