<?xml version="1.0" encoding="UTF-8"?>
<!-- Generated by org.testng.reporters.JUnitReportReporter -->
<testsuite hostname="SourabhTechenvo" failures="0" tests="1" name="utils.LoginTest" time="9.353" errors="0" timestamp="2025-09-15T14:37:39 IST" skipped="0">
  <testcase classname="utils.LoginTest" name="testLoginWithScreenshots" time="9.353"/>
</testsuite> <!-- utils.LoginTest -->
