<?xml version="1.0" encoding="UTF-8"?>
<!-- Generated by org.testng.reporters.JUnitReportReporter -->
<testsuite hostname="SourabhTechenvo" failures="0" tests="1" name="utils.GoogleSearchTest" time="15.425" errors="0" timestamp="2025-09-15T14:37:39 IST" skipped="0">
  <testcase classname="utils.GoogleSearchTest" name="testOpenGoogle" time="15.425"/>
</testsuite> <!-- utils.GoogleSearchTest -->
